<?xml version="1.0" encoding="UTF-8"?>
<testng-results skipped="0" failed="0" total="1" passed="1">
  <reporter-output>
  </reporter-output>
  <suite name="Default suite" duration-ms="24895" started-at="2017-05-04T11:48:22Z" finished-at="2017-05-04T11:48:47Z">
    <groups>
    </groups>
    <test name="Default test" duration-ms="24895" started-at="2017-05-04T11:48:22Z" finished-at="2017-05-04T11:48:47Z">
      <class name="MOD.GC.RES">
        <test-method status="PASS" signature="main()[pri:0, instance:MOD.GC.RES@402f32ff]" name="main" duration-ms="24876" started-at="2017-05-04T17:18:22Z" finished-at="2017-05-04T17:18:47Z">
          <reporter-output>
          </reporter-output>
        </test-method> <!-- main -->
      </class> <!-- MOD.GC.RES -->
    </test> <!-- Default test -->
  </suite> <!-- Default suite -->
</testng-results>
